<?xml version="1.0" encoding="UTF-8"?>
<testsuite xmlns:xsi="http://www.w3.org/2001/XMLSchema-instance" xsi:noNamespaceSchemaLocation="https://maven.apache.org/surefire/maven-surefire-plugin/xsd/surefire-test-report-3.0.xsd" version="3.0" name="tests.GlasacTest" time="2.053" tests="1" errors="0" skipped="0" failures="0">
  <properties>
[...]
</properties>
  <testcase name="test" classname="tests.GlasacTest" time="0.258">
    <system-out><![CDATA[Before class: Inicijalizacija testa uspesna
Hibernate: 
    select
        glasac0_.glasacId as glasacId1_0_,
        glasac0_.funkcioner as funkcion2_0_,
        glasac0_.glasao as glasao3_0_,
        glasac0_.ime as ime4_0_,
        glasac0_.jmbg as jmbg5_0_,
        glasac0_.prezime as prezime6_0_ 
    from
        Glasac glasac0_ 
    where
        glasac0_.jmbg=?
Before: Preduslov: Ne postoji glasac sa jmbg-om 0111111111111
Hibernate: 
    select
        genVal 
    from
        id_gen 
    where
        genName = 'glasacGen' for update
            
Hibernate: 
    update
        id_gen 
    set
        genVal = ? 
    where
        genVal = ? 
        and genName = 'glasacGen'
Hibernate: 
    insert 
    into
        Glasac
        (funkcioner, glasao, ime, jmbg, prezime, glasacId) 
    values
        (?, ?, ?, ?, ?, ?)
Hibernate: 
    select
        glasac0_.glasacId as glasacId1_0_,
        glasac0_.funkcioner as funkcion2_0_,
        glasac0_.glasao as glasao3_0_,
        glasac0_.ime as ime4_0_,
        glasac0_.jmbg as jmbg5_0_,
        glasac0_.prezime as prezime6_0_ 
    from
        Glasac glasac0_ 
    where
        glasac0_.jmbg=?
Test je zavrsen
Hibernate: 
    select
        glasac0_.glasacId as glasacId1_0_,
        glasac0_.funkcioner as funkcion2_0_,
        glasac0_.glasao as glasao3_0_,
        glasac0_.ime as ime4_0_,
        glasac0_.jmbg as jmbg5_0_,
        glasac0_.prezime as prezime6_0_ 
    from
        Glasac glasac0_ 
    where
        glasac0_.jmbg=?
After: Postuslov: Postoji glasac sa jmbg-om 0111111111111 i glasao je
]]></system-out>
    <system-err><![CDATA[Dec 23, 2023 1:35:21 PM org.hibernate.annotations.common.Version <clinit>
INFO: HCANN000001: Hibernate Commons Annotations {4.0.2.Final}
Dec 23, 2023 1:35:21 PM org.hibernate.Version logVersion
INFO: HHH000412: Hibernate Core {4.2.8.Final}
Dec 23, 2023 1:35:21 PM org.hibernate.cfg.Environment <clinit>
INFO: HHH000206: hibernate.properties not found
Dec 23, 2023 1:35:21 PM org.hibernate.cfg.Environment buildBytecodeProvider
INFO: HHH000021: Bytecode provider name : javassist
Dec 23, 2023 1:35:22 PM org.hibernate.service.jdbc.connections.internal.DriverManagerConnectionProviderImpl configure
INFO: HHH000402: Using Hibernate built-in connection pool (not for production use!)
Dec 23, 2023 1:35:22 PM org.hibernate.service.jdbc.connections.internal.DriverManagerConnectionProviderImpl configure
INFO: HHH000115: Hibernate connection pool size: 20
Dec 23, 2023 1:35:22 PM org.hibernate.service.jdbc.connections.internal.DriverManagerConnectionProviderImpl configure
INFO: HHH000006: Autocommit mode: true
Dec 23, 2023 1:35:22 PM org.hibernate.service.jdbc.connections.internal.DriverManagerConnectionProviderImpl configure
INFO: HHH000401: using driver [com.mysql.jdbc.Driver] at URL [jdbc:mysql://localhost:3306/Izbori?useSSL=true]
Dec 23, 2023 1:35:22 PM org.hibernate.service.jdbc.connections.internal.DriverManagerConnectionProviderImpl configure
INFO: HHH000046: Connection properties: {user=root, password=****, autocommit=true, release_mode=auto}
Dec 23, 2023 1:35:22 PM org.hibernate.dialect.Dialect <init>
INFO: HHH000400: Using dialect: org.hibernate.dialect.MySQL5Dialect
Dec 23, 2023 1:35:22 PM org.hibernate.engine.transaction.internal.TransactionFactoryInitiator initiateService
INFO: HHH000268: Transaction strategy: org.hibernate.engine.transaction.internal.jdbc.JdbcTransactionFactory
Dec 23, 2023 1:35:22 PM org.hibernate.hql.internal.ast.ASTQueryTranslatorFactory <init>
INFO: HHH000397: Using ASTQueryTranslatorFactory
]]></system-err>
  </testcase>
</testsuite>